<?xml version="1.0" encoding="UTF-8"?>
<!-- Generated by org.testng.reporters.JUnitReportReporter -->
<testsuite hostname="VDC1ODCD200101" failures="0" tests="4" name="com.ems.bdd_Style.practise_bddStyle" time="3.726" errors="0" timestamp="2023-11-16T14:22:39 IST" skipped="3">
  <testcase classname="com.ems.bdd_Style.practise_bddStyle" name="getRequest" time="3.726"/>
  <testcase classname="com.ems.bdd_Style.practise_bddStyle" name="postRequest">
    <skipped/>
  </testcase> <!-- postRequest -->
  <testcase classname="com.ems.bdd_Style.practise_bddStyle" name="deleteRequest">
    <skipped/>
  </testcase> <!-- deleteRequest -->
  <testcase classname="com.ems.bdd_Style.practise_bddStyle" name="putRequest">
    <skipped/>
  </testcase> <!-- putRequest -->
</testsuite> <!-- com.ems.bdd_Style.practise_bddStyle -->
