<?xml version="1.0" encoding="UTF-8"?>
<!-- Generated by org.testng.reporters.JUnitReportReporter -->
<testsuite hostname="Tom" failures="0" tests="1" name="com.ems.non_bdd.GetAllEmployees" time="1.667" errors="0" timestamp="2023-06-01T19:56:04 IST" skipped="0">
  <testcase classname="com.ems.non_bdd.GetAllEmployees" name="getAllEmployees" time="1.667"/>
  <system-out/>
</testsuite> <!-- com.ems.non_bdd.GetAllEmployees -->
