<?xml version="1.0" encoding="UTF-8"?>
<!-- Generated by org.testng.reporters.JUnitReportReporter -->
<testsuite hostname="Tom" failures="0" tests="4" name="com.ems.bdd_Style.Getallemp" time="1.282" errors="0" timestamp="2023-07-09T12:52:17 IST" skipped="3">
  <testcase classname="com.ems.bdd_Style.Getallemp" name="deleteAnEmp" time="1.282"/>
  <system-out/>
  <testcase classname="com.ems.bdd_Style.Getallemp" name="getAllemp">
    <skipped/>
  </testcase> <!-- getAllemp -->
  <system-out/>
  <testcase classname="com.ems.bdd_Style.Getallemp" name="UpdateAnEmp">
    <skipped/>
  </testcase> <!-- UpdateAnEmp -->
  <system-out/>
  <testcase classname="com.ems.bdd_Style.Getallemp" name="createAnEmp">
    <skipped/>
  </testcase> <!-- createAnEmp -->
  <system-out/>
</testsuite> <!-- com.ems.bdd_Style.Getallemp -->
