<?xml version="1.0" encoding="UTF-8"?>
<!-- Generated by org.testng.reporters.JUnitReportReporter -->
<testsuite hostname="Tom" failures="0" tests="1" name="com.ems.non_bdd.PUT_UpdateAnEmployee" time="1.700" errors="0" timestamp="2023-06-01T20:18:44 IST" skipped="0">
  <testcase classname="com.ems.non_bdd.PUT_UpdateAnEmployee" name="update" time="1.700"/>
  <system-out/>
</testsuite> <!-- com.ems.non_bdd.PUT_UpdateAnEmployee -->
