<?xml version="1.0" encoding="UTF-8"?>
<!-- Generated by org.testng.reporters.JUnitReportReporter -->
<testsuite hostname="Tom" failures="0" tests="1" name="com.ems.bdd_Style.createEmp_DatafromJSONFile" time="1.294" errors="0" timestamp="2023-07-09T13:17:13 IST" skipped="0">
  <testcase classname="com.ems.bdd_Style.createEmp_DatafromJSONFile" name="createEmp" time="1.294"/>
  <system-out/>
</testsuite> <!-- com.ems.bdd_Style.createEmp_DatafromJSONFile -->
