<?xml version="1.0" encoding="UTF-8"?>
<!-- Generated by org.testng.reporters.JUnitReportReporter -->
<testsuite hostname="VDC1ODCD200101" failures="0" tests="1" name="Serialization.java_Colloction_Serialization" time="0.020" errors="0" timestamp="2023-08-03T00:05:10 IST" skipped="0">
  <testcase classname="Serialization.java_Colloction_Serialization" name="javaSerialization_Test" time="0.020"/>
</testsuite> <!-- Serialization.java_Colloction_Serialization -->
