<?xml version="1.0" encoding="UTF-8"?>
<!-- Generated by org.testng.reporters.JUnitReportReporter -->
<testsuite hostname="Tom" failures="0" tests="1" name="com.ems.non_bdd.Delete_AnEmployee" time="6.975" errors="0" timestamp="2023-07-09T11:48:51 IST" skipped="0">
  <testcase classname="com.ems.non_bdd.Delete_AnEmployee" name="delete" time="6.975"/>
  <system-out/>
</testsuite> <!-- com.ems.non_bdd.Delete_AnEmployee -->
